The system is: Darwin - 15.6.0 - x86_64
Compiling the C compiler identification source file "CMakeCCompilerId.c" succeeded.
Compiler:  
Build flags: 
Id flags: 

The output was:
0
2017-01-18 16:14:03.150 xcodebuild[18005:1653293] Failed to locate a valid instance of CoreSimulatorService in the bootstrap.  Adding it now.
=== BUILD TARGET CompilerIdC OF PROJECT CompilerIdC WITH THE DEFAULT CONFIGURATION (Debug) ===

Check dependencies

Write auxiliary files
write-file /Users/tinggong/github/jsontutorial/json-tutorial/tutorial01/buildXcode/CMakeFiles/3.7.2/CompilerIdC/CompilerIdC.build/Debug/CompilerIdC.build/Script-2C8FEB8E15DC1A1A00E56A5D.sh
chmod 0755 /Users/tinggong/github/jsontutorial/json-tutorial/tutorial01/buildXcode/CMakeFiles/3.7.2/CompilerIdC/CompilerIdC.build/Debug/CompilerIdC.build/Script-2C8FEB8E15DC1A1A00E56A5D.sh
write-file /Users/tinggong/github/jsontutorial/json-tutorial/tutorial01/buildXcode/CMakeFiles/3.7.2/CompilerIdC/CompilerIdC.build/Debug/CompilerIdC.build/CompilerIdC-all-target-headers.hmap
/bin/mkdir -p /Users/tinggong/github/jsontutorial/json-tutorial/tutorial01/buildXcode/CMakeFiles/3.7.2/CompilerIdC/CompilerIdC.build/Debug/CompilerIdC.build/Objects-normal/x86_64
write-file /Users/tinggong/github/jsontutorial/json-tutorial/tutorial01/buildXcode/CMakeFiles/3.7.2/CompilerIdC/CompilerIdC.build/Debug/CompilerIdC.build/Objects-normal/x86_64/CompilerIdC.LinkFileList
write-file /Users/tinggong/github/jsontutorial/json-tutorial/tutorial01/buildXcode/CMakeFiles/3.7.2/CompilerIdC/CompilerIdC.build/Debug/CompilerIdC.build/CompilerIdC-project-headers.hmap
write-file /Users/tinggong/github/jsontutorial/json-tutorial/tutorial01/buildXcode/CMakeFiles/3.7.2/CompilerIdC/CompilerIdC.build/Debug/CompilerIdC.build/CompilerIdC.hmap
write-file /Users/tinggong/github/jsontutorial/json-tutorial/tutorial01/buildXcode/CMakeFiles/3.7.2/CompilerIdC/CompilerIdC.build/Debug/CompilerIdC.build/CompilerIdC-all-non-framework-target-headers.hmap
write-file /Users/tinggong/github/jsontutorial/json-tutorial/tutorial01/buildXcode/CMakeFiles/3.7.2/CompilerIdC/CompilerIdC.build/Debug/CompilerIdC.build/CompilerIdC-generated-files.hmap
write-file /Users/tinggong/github/jsontutorial/json-tutorial/tutorial01/buildXcode/CMakeFiles/3.7.2/CompilerIdC/CompilerIdC.build/Debug/CompilerIdC.build/CompilerIdC-own-target-headers.hmap

CompileC CompilerIdC.build/Debug/CompilerIdC.build/Objects-normal/x86_64/CMakeCCompilerId.o CMakeCCompilerId.c normal x86_64 c com.apple.compilers.llvm.clang.1_0.compiler
    cd /Users/tinggong/github/jsontutorial/json-tutorial/tutorial01/buildXcode/CMakeFiles/3.7.2/CompilerIdC
    export LANG=en_US.US-ASCII
    /Applications/Xcode.app/Contents/Developer/Toolchains/XcodeDefault.xctoolchain/usr/bin/clang -x c -arch x86_64 -fmessage-length=0 -fdiagnostics-show-note-include-stack -fmacro-backtrace-limit=0 -Wno-trigraphs -fpascal-strings -Os -Wno-missing-field-initializers -Wno-missing-prototypes -Wno-return-type -Wno-missing-braces -Wparentheses -Wswitch -Wno-unused-function -Wno-unused-label -Wno-unused-parameter -Wno-unused-variable -Wunused-value -Wno-empty-body -Wno-uninitialized -Wno-unknown-pragmas -Wno-shadow -Wno-four-char-constants -Wno-conversion -Wno-constant-conversion -Wno-int-conversion -Wno-bool-conversion -Wno-enum-conversion -Wno-shorten-64-to-32 -Wpointer-sign -Wno-newline-eof -isysroot /Applications/Xcode.app/Contents/Developer/Platforms/MacOSX.platform/Developer/SDKs/MacOSX10.11.sdk -fasm-blocks -fstrict-aliasing -Wdeprecated-declarations -mmacosx-version-min=10.11 -g -fvisibility=hidden -Wno-sign-conversion -I/Users/tinggong/github/jsontutorial/json-tutorial/tutorial01/buildXcode/CMakeFiles/3.7.2/CompilerIdC/CompilerIdC.build/Debug/CompilerIdC.build/CompilerIdC.hmap -I/Users/tinggong/github/jsontutorial/json-tutorial/tutorial01/buildXcode/CMakeFiles/3.7.2/CompilerIdC/include -I/Users/tinggong/github/jsontutorial/json-tutorial/tutorial01/buildXcode/CMakeFiles/3.7.2/CompilerIdC/CompilerIdC.build/Debug/CompilerIdC.build/DerivedSources/x86_64 -I/Users/tinggong/github/jsontutorial/json-tutorial/tutorial01/buildXcode/CMakeFiles/3.7.2/CompilerIdC/CompilerIdC.build/Debug/CompilerIdC.build/DerivedSources -F/Users/tinggong/github/jsontutorial/json-tutorial/tutorial01/buildXcode/CMakeFiles/3.7.2/CompilerIdC -MMD -MT dependencies -MF /Users/tinggong/github/jsontutorial/json-tutorial/tutorial01/buildXcode/CMakeFiles/3.7.2/CompilerIdC/CompilerIdC.build/Debug/CompilerIdC.build/Objects-normal/x86_64/CMakeCCompilerId.d --serialize-diagnostics /Users/tinggong/github/jsontutorial/json-tutorial/tutorial01/buildXcode/CMakeFiles/3.7.2/CompilerIdC/CompilerIdC.build/Debug/CompilerIdC.build/Objects-normal/x86_64/CMakeCCompilerId.dia -c /Users/tinggong/github/jsontutorial/json-tutorial/tutorial01/buildXcode/CMakeFiles/3.7.2/CompilerIdC/CMakeCCompilerId.c -o /Users/tinggong/github/jsontutorial/json-tutorial/tutorial01/buildXcode/CMakeFiles/3.7.2/CompilerIdC/CompilerIdC.build/Debug/CompilerIdC.build/Objects-normal/x86_64/CMakeCCompilerId.o

Ld CompilerIdC normal x86_64
    cd /Users/tinggong/github/jsontutorial/json-tutorial/tutorial01/buildXcode/CMakeFiles/3.7.2/CompilerIdC
    export MACOSX_DEPLOYMENT_TARGET=10.11
    /Applications/Xcode.app/Contents/Developer/Toolchains/XcodeDefault.xctoolchain/usr/bin/clang -arch x86_64 -isysroot /Applications/Xcode.app/Contents/Developer/Platforms/MacOSX.platform/Developer/SDKs/MacOSX10.11.sdk -L/Users/tinggong/github/jsontutorial/json-tutorial/tutorial01/buildXcode/CMakeFiles/3.7.2/CompilerIdC -F/Users/tinggong/github/jsontutorial/json-tutorial/tutorial01/buildXcode/CMakeFiles/3.7.2/CompilerIdC -filelist /Users/tinggong/github/jsontutorial/json-tutorial/tutorial01/buildXcode/CMakeFiles/3.7.2/CompilerIdC/CompilerIdC.build/Debug/CompilerIdC.build/Objects-normal/x86_64/CompilerIdC.LinkFileList -mmacosx-version-min=10.11 -Xlinker -dependency_info -Xlinker /Users/tinggong/github/jsontutorial/json-tutorial/tutorial01/buildXcode/CMakeFiles/3.7.2/CompilerIdC/CompilerIdC.build/Debug/CompilerIdC.build/Objects-normal/x86_64/CompilerIdC_dependency_info.dat -o /Users/tinggong/github/jsontutorial/json-tutorial/tutorial01/buildXcode/CMakeFiles/3.7.2/CompilerIdC/CompilerIdC

PhaseScriptExecution Run\ Script CompilerIdC.build/Debug/CompilerIdC.build/Script-2C8FEB8E15DC1A1A00E56A5D.sh
    cd /Users/tinggong/github/jsontutorial/json-tutorial/tutorial01/buildXcode/CMakeFiles/3.7.2/CompilerIdC
    /bin/sh -c /Users/tinggong/github/jsontutorial/json-tutorial/tutorial01/buildXcode/CMakeFiles/3.7.2/CompilerIdC/CompilerIdC.build/Debug/CompilerIdC.build/Script-2C8FEB8E15DC1A1A00E56A5D.sh
GCC_VERSION=com.apple.compilers.llvm.clang.1_0

** BUILD SUCCEEDED **



Compilation of the C compiler identification source "CMakeCCompilerId.c" produced "CompilerIdC"

The C compiler identification is AppleClang, found in "/Users/tinggong/github/jsontutorial/json-tutorial/tutorial01/buildXcode/CMakeFiles/3.7.2/CompilerIdC/CompilerIdC"

Determining if the C compiler works passed with the following output:
Change Dir: /Users/tinggong/github/jsontutorial/json-tutorial/tutorial01/buildXcode/CMakeFiles/CMakeTmp

Run Build Command:"/usr/bin/xcodebuild" "-project" "CMAKE_TRY_COMPILE.xcodeproj" "build" "-target" "cmTC_45406" "-configuration" "Debug"
=== BUILD TARGET cmTC_45406 OF PROJECT CMAKE_TRY_COMPILE WITH CONFIGURATION Debug ===

Check dependencies

Write auxiliary files
/bin/mkdir -p /Users/tinggong/github/jsontutorial/json-tutorial/tutorial01/buildXcode/CMakeFiles/CMakeTmp/CMAKE_TRY_COMPILE.build/Debug/cmTC_45406.build/Objects-normal/x86_64
write-file /Users/tinggong/github/jsontutorial/json-tutorial/tutorial01/buildXcode/CMakeFiles/CMakeTmp/CMAKE_TRY_COMPILE.build/Debug/cmTC_45406.build/Objects-normal/x86_64/cmTC_45406.LinkFileList

CompileC CMAKE_TRY_COMPILE.build/Debug/cmTC_45406.build/Objects-normal/x86_64/testCCompiler.o testCCompiler.c normal x86_64 c com.apple.compilers.llvm.clang.1_0.compiler
    cd /Users/tinggong/github/jsontutorial/json-tutorial/tutorial01/buildXcode/CMakeFiles/CMakeTmp
    export LANG=en_US.US-ASCII
    /Applications/Xcode.app/Contents/Developer/Toolchains/XcodeDefault.xctoolchain/usr/bin/clang -x c -arch x86_64 -fmessage-length=0 -fdiagnostics-show-note-include-stack -fmacro-backtrace-limit=0 -Wno-trigraphs -fpascal-strings -O0 -Wno-missing-field-initializers -Wno-missing-prototypes -Wno-return-type -Wno-missing-braces -Wparentheses -Wswitch -Wno-unused-function -Wno-unused-label -Wno-unused-parameter -Wno-unused-variable -Wunused-value -Wno-empty-body -Wno-uninitialized -Wno-unknown-pragmas -Wno-shadow -Wno-four-char-constants -Wno-conversion -Wno-constant-conversion -Wno-int-conversion -Wno-bool-conversion -Wno-enum-conversion -Wno-shorten-64-to-32 -Wpointer-sign -Wno-newline-eof -DCMAKE_INTDIR=\"Debug\" -isysroot /Applications/Xcode.app/Contents/Developer/Platforms/MacOSX.platform/Developer/SDKs/MacOSX10.11.sdk -fasm-blocks -fstrict-aliasing -Wdeprecated-declarations -mmacosx-version-min=10.11 -g -Wno-sign-conversion -I/Users/tinggong/github/jsontutorial/json-tutorial/tutorial01/buildXcode/CMakeFiles/CMakeTmp/Debug/include -I/Users/tinggong/github/jsontutorial/json-tutorial/tutorial01/buildXcode/CMakeFiles/CMakeTmp/CMAKE_TRY_COMPILE.build/Debug/cmTC_45406.build/DerivedSources/x86_64 -I/Users/tinggong/github/jsontutorial/json-tutorial/tutorial01/buildXcode/CMakeFiles/CMakeTmp/CMAKE_TRY_COMPILE.build/Debug/cmTC_45406.build/DerivedSources -Wmost -Wno-four-char-constants -Wno-unknown-pragmas -F/Users/tinggong/github/jsontutorial/json-tutorial/tutorial01/buildXcode/CMakeFiles/CMakeTmp/Debug -MMD -MT dependencies -MF /Users/tinggong/github/jsontutorial/json-tutorial/tutorial01/buildXcode/CMakeFiles/CMakeTmp/CMAKE_TRY_COMPILE.build/Debug/cmTC_45406.build/Objects-normal/x86_64/testCCompiler.d --serialize-diagnostics /Users/tinggong/github/jsontutorial/json-tutorial/tutorial01/buildXcode/CMakeFiles/CMakeTmp/CMAKE_TRY_COMPILE.build/Debug/cmTC_45406.build/Objects-normal/x86_64/testCCompiler.dia -c /Users/tinggong/github/jsontutorial/json-tutorial/tutorial01/buildXcode/CMakeFiles/CMakeTmp/testCCompiler.c -o /Users/tinggong/github/jsontutorial/json-tutorial/tutorial01/buildXcode/CMakeFiles/CMakeTmp/CMAKE_TRY_COMPILE.build/Debug/cmTC_45406.build/Objects-normal/x86_64/testCCompiler.o

Ld Debug/cmTC_45406 normal x86_64
    cd /Users/tinggong/github/jsontutorial/json-tutorial/tutorial01/buildXcode/CMakeFiles/CMakeTmp
    export MACOSX_DEPLOYMENT_TARGET=10.11
    /Applications/Xcode.app/Contents/Developer/Toolchains/XcodeDefault.xctoolchain/usr/bin/clang -arch x86_64 -isysroot /Applications/Xcode.app/Contents/Developer/Platforms/MacOSX.platform/Developer/SDKs/MacOSX10.11.sdk -L/Users/tinggong/github/jsontutorial/json-tutorial/tutorial01/buildXcode/CMakeFiles/CMakeTmp/Debug -F/Users/tinggong/github/jsontutorial/json-tutorial/tutorial01/buildXcode/CMakeFiles/CMakeTmp/Debug -filelist /Users/tinggong/github/jsontutorial/json-tutorial/tutorial01/buildXcode/CMakeFiles/CMakeTmp/CMAKE_TRY_COMPILE.build/Debug/cmTC_45406.build/Objects-normal/x86_64/cmTC_45406.LinkFileList -mmacosx-version-min=10.11 -Xlinker -no_deduplicate -Wl,-search_paths_first -Wl,-headerpad_max_install_names -Xlinker -dependency_info -Xlinker /Users/tinggong/github/jsontutorial/json-tutorial/tutorial01/buildXcode/CMakeFiles/CMakeTmp/CMAKE_TRY_COMPILE.build/Debug/cmTC_45406.build/Objects-normal/x86_64/cmTC_45406_dependency_info.dat -o /Users/tinggong/github/jsontutorial/json-tutorial/tutorial01/buildXcode/CMakeFiles/CMakeTmp/Debug/cmTC_45406

** BUILD SUCCEEDED **



Detecting C compiler ABI info compiled with the following output:
Change Dir: /Users/tinggong/github/jsontutorial/json-tutorial/tutorial01/buildXcode/CMakeFiles/CMakeTmp

Run Build Command:"/usr/bin/xcodebuild" "-project" "CMAKE_TRY_COMPILE.xcodeproj" "build" "-target" "cmTC_d40ab" "-configuration" "Debug"
=== BUILD TARGET cmTC_d40ab OF PROJECT CMAKE_TRY_COMPILE WITH CONFIGURATION Debug ===

Check dependencies

Write auxiliary files
/bin/mkdir -p /Users/tinggong/github/jsontutorial/json-tutorial/tutorial01/buildXcode/CMakeFiles/CMakeTmp/CMAKE_TRY_COMPILE.build/Debug/cmTC_d40ab.build/Objects-normal/x86_64
write-file /Users/tinggong/github/jsontutorial/json-tutorial/tutorial01/buildXcode/CMakeFiles/CMakeTmp/CMAKE_TRY_COMPILE.build/Debug/cmTC_d40ab.build/Objects-normal/x86_64/cmTC_d40ab.LinkFileList

CompileC CMAKE_TRY_COMPILE.build/Debug/cmTC_d40ab.build/Objects-normal/x86_64/CMakeCCompilerABI.o /usr/local/Cellar/cmake/3.7.2/share/cmake/Modules/CMakeCCompilerABI.c normal x86_64 c com.apple.compilers.llvm.clang.1_0.compiler
    cd /Users/tinggong/github/jsontutorial/json-tutorial/tutorial01/buildXcode/CMakeFiles/CMakeTmp
    export LANG=en_US.US-ASCII
    /Applications/Xcode.app/Contents/Developer/Toolchains/XcodeDefault.xctoolchain/usr/bin/clang -x c -arch x86_64 -fmessage-length=0 -fdiagnostics-show-note-include-stack -fmacro-backtrace-limit=0 -Wno-trigraphs -fpascal-strings -O0 -Wno-missing-field-initializers -Wno-missing-prototypes -Wno-return-type -Wno-missing-braces -Wparentheses -Wswitch -Wno-unused-function -Wno-unused-label -Wno-unused-parameter -Wno-unused-variable -Wunused-value -Wno-empty-body -Wno-uninitialized -Wno-unknown-pragmas -Wno-shadow -Wno-four-char-constants -Wno-conversion -Wno-constant-conversion -Wno-int-conversion -Wno-bool-conversion -Wno-enum-conversion -Wno-shorten-64-to-32 -Wpointer-sign -Wno-newline-eof -DCMAKE_INTDIR=\"Debug\" -isysroot /Applications/Xcode.app/Contents/Developer/Platforms/MacOSX.platform/Developer/SDKs/MacOSX10.11.sdk -fasm-blocks -fstrict-aliasing -Wdeprecated-declarations -mmacosx-version-min=10.11 -g -Wno-sign-conversion -I/Users/tinggong/github/jsontutorial/json-tutorial/tutorial01/buildXcode/CMakeFiles/CMakeTmp/Debug/include -I/Users/tinggong/github/jsontutorial/json-tutorial/tutorial01/buildXcode/CMakeFiles/CMakeTmp/CMAKE_TRY_COMPILE.build/Debug/cmTC_d40ab.build/DerivedSources/x86_64 -I/Users/tinggong/github/jsontutorial/json-tutorial/tutorial01/buildXcode/CMakeFiles/CMakeTmp/CMAKE_TRY_COMPILE.build/Debug/cmTC_d40ab.build/DerivedSources -Wmost -Wno-four-char-constants -Wno-unknown-pragmas -F/Users/tinggong/github/jsontutorial/json-tutorial/tutorial01/buildXcode/CMakeFiles/CMakeTmp/Debug -MMD -MT dependencies -MF /Users/tinggong/github/jsontutorial/json-tutorial/tutorial01/buildXcode/CMakeFiles/CMakeTmp/CMAKE_TRY_COMPILE.build/Debug/cmTC_d40ab.build/Objects-normal/x86_64/CMakeCCompilerABI.d --serialize-diagnostics /Users/tinggong/github/jsontutorial/json-tutorial/tutorial01/buildXcode/CMakeFiles/CMakeTmp/CMAKE_TRY_COMPILE.build/Debug/cmTC_d40ab.build/Objects-normal/x86_64/CMakeCCompilerABI.dia -c /usr/local/Cellar/cmake/3.7.2/share/cmake/Modules/CMakeCCompilerABI.c -o /Users/tinggong/github/jsontutorial/json-tutorial/tutorial01/buildXcode/CMakeFiles/CMakeTmp/CMAKE_TRY_COMPILE.build/Debug/cmTC_d40ab.build/Objects-normal/x86_64/CMakeCCompilerABI.o

Ld Debug/cmTC_d40ab normal x86_64
    cd /Users/tinggong/github/jsontutorial/json-tutorial/tutorial01/buildXcode/CMakeFiles/CMakeTmp
    export MACOSX_DEPLOYMENT_TARGET=10.11
    /Applications/Xcode.app/Contents/Developer/Toolchains/XcodeDefault.xctoolchain/usr/bin/clang -arch x86_64 -isysroot /Applications/Xcode.app/Contents/Developer/Platforms/MacOSX.platform/Developer/SDKs/MacOSX10.11.sdk -L/Users/tinggong/github/jsontutorial/json-tutorial/tutorial01/buildXcode/CMakeFiles/CMakeTmp/Debug -F/Users/tinggong/github/jsontutorial/json-tutorial/tutorial01/buildXcode/CMakeFiles/CMakeTmp/Debug -filelist /Users/tinggong/github/jsontutorial/json-tutorial/tutorial01/buildXcode/CMakeFiles/CMakeTmp/CMAKE_TRY_COMPILE.build/Debug/cmTC_d40ab.build/Objects-normal/x86_64/cmTC_d40ab.LinkFileList -mmacosx-version-min=10.11 -Xlinker -no_deduplicate -v -Wl,-v -Wl,-search_paths_first -Wl,-headerpad_max_install_names -Xlinker -dependency_info -Xlinker /Users/tinggong/github/jsontutorial/json-tutorial/tutorial01/buildXcode/CMakeFiles/CMakeTmp/CMAKE_TRY_COMPILE.build/Debug/cmTC_d40ab.build/Objects-normal/x86_64/cmTC_d40ab_dependency_info.dat -o /Users/tinggong/github/jsontutorial/json-tutorial/tutorial01/buildXcode/CMakeFiles/CMakeTmp/Debug/cmTC_d40ab
Apple LLVM version 7.3.0 (clang-703.0.31)
Target: x86_64-apple-darwin15.6.0
Thread model: posix
InstalledDir: /Applications/Xcode.app/Contents/Developer/Toolchains/XcodeDefault.xctoolchain/usr/bin
 "/Applications/Xcode.app/Contents/Developer/Toolchains/XcodeDefault.xctoolchain/usr/bin/ld" -demangle -dynamic -arch x86_64 -macosx_version_min 10.11.0 -syslibroot /Applications/Xcode.app/Contents/Developer/Platforms/MacOSX.platform/Developer/SDKs/MacOSX10.11.sdk -o /Users/tinggong/github/jsontutorial/json-tutorial/tutorial01/buildXcode/CMakeFiles/CMakeTmp/Debug/cmTC_d40ab -L/Users/tinggong/github/jsontutorial/json-tutorial/tutorial01/buildXcode/CMakeFiles/CMakeTmp/Debug -filelist /Users/tinggong/github/jsontutorial/json-tutorial/tutorial01/buildXcode/CMakeFiles/CMakeTmp/CMAKE_TRY_COMPILE.build/Debug/cmTC_d40ab.build/Objects-normal/x86_64/cmTC_d40ab.LinkFileList -no_deduplicate -v -search_paths_first -headerpad_max_install_names -dependency_info /Users/tinggong/github/jsontutorial/json-tutorial/tutorial01/buildXcode/CMakeFiles/CMakeTmp/CMAKE_TRY_COMPILE.build/Debug/cmTC_d40ab.build/Objects-normal/x86_64/cmTC_d40ab_dependency_info.dat -lSystem /Applications/Xcode.app/Contents/Developer/Toolchains/XcodeDefault.xctoolchain/usr/bin/../lib/clang/7.3.0/lib/darwin/libclang_rt.osx.a -F/Users/tinggong/github/jsontutorial/json-tutorial/tutorial01/buildXcode/CMakeFiles/CMakeTmp/Debug
@(#)PROGRAM:ld  PROJECT:ld64-264.3.102
configured to support archs: armv6 armv7 armv7s arm64 i386 x86_64 x86_64h armv6m armv7k armv7m armv7em (tvOS)
Library search paths:
	/Users/tinggong/github/jsontutorial/json-tutorial/tutorial01/buildXcode/CMakeFiles/CMakeTmp/Debug
	/Applications/Xcode.app/Contents/Developer/Platforms/MacOSX.platform/Developer/SDKs/MacOSX10.11.sdk/usr/lib
Framework search paths:
	/Users/tinggong/github/jsontutorial/json-tutorial/tutorial01/buildXcode/CMakeFiles/CMakeTmp/Debug
	/Applications/Xcode.app/Contents/Developer/Platforms/MacOSX.platform/Developer/SDKs/MacOSX10.11.sdk/System/Library/Frameworks/

** BUILD SUCCEEDED **



Parsed C implicit link information from above output:
  link line regex: [^( *|.*[/\])(ld|([^/\]+-)?ld|collect2)[^/\]*( |$)]
  ignore line: [Change Dir: /Users/tinggong/github/jsontutorial/json-tutorial/tutorial01/buildXcode/CMakeFiles/CMakeTmp]
  ignore line: []
  ignore line: [Run Build Command:"/usr/bin/xcodebuild" "-project" "CMAKE_TRY_COMPILE.xcodeproj" "build" "-target" "cmTC_d40ab" "-configuration" "Debug"]
  ignore line: [=== BUILD TARGET cmTC_d40ab OF PROJECT CMAKE_TRY_COMPILE WITH CONFIGURATION Debug ===]
  ignore line: []
  ignore line: [Check dependencies]
  ignore line: []
  ignore line: [Write auxiliary files]
  ignore line: [/bin/mkdir -p /Users/tinggong/github/jsontutorial/json-tutorial/tutorial01/buildXcode/CMakeFiles/CMakeTmp/CMAKE_TRY_COMPILE.build/Debug/cmTC_d40ab.build/Objects-normal/x86_64]
  ignore line: [write-file /Users/tinggong/github/jsontutorial/json-tutorial/tutorial01/buildXcode/CMakeFiles/CMakeTmp/CMAKE_TRY_COMPILE.build/Debug/cmTC_d40ab.build/Objects-normal/x86_64/cmTC_d40ab.LinkFileList]
  ignore line: []
  ignore line: [CompileC CMAKE_TRY_COMPILE.build/Debug/cmTC_d40ab.build/Objects-normal/x86_64/CMakeCCompilerABI.o /usr/local/Cellar/cmake/3.7.2/share/cmake/Modules/CMakeCCompilerABI.c normal x86_64 c com.apple.compilers.llvm.clang.1_0.compiler]
  ignore line: [    cd /Users/tinggong/github/jsontutorial/json-tutorial/tutorial01/buildXcode/CMakeFiles/CMakeTmp]
  ignore line: [    export LANG=en_US.US-ASCII]
  ignore line: [    /Applications/Xcode.app/Contents/Developer/Toolchains/XcodeDefault.xctoolchain/usr/bin/clang -x c -arch x86_64 -fmessage-length=0 -fdiagnostics-show-note-include-stack -fmacro-backtrace-limit=0 -Wno-trigraphs -fpascal-strings -O0 -Wno-missing-field-initializers -Wno-missing-prototypes -Wno-return-type -Wno-missing-braces -Wparentheses -Wswitch -Wno-unused-function -Wno-unused-label -Wno-unused-parameter -Wno-unused-variable -Wunused-value -Wno-empty-body -Wno-uninitialized -Wno-unknown-pragmas -Wno-shadow -Wno-four-char-constants -Wno-conversion -Wno-constant-conversion -Wno-int-conversion -Wno-bool-conversion -Wno-enum-conversion -Wno-shorten-64-to-32 -Wpointer-sign -Wno-newline-eof -DCMAKE_INTDIR=\"Debug\" -isysroot /Applications/Xcode.app/Contents/Developer/Platforms/MacOSX.platform/Developer/SDKs/MacOSX10.11.sdk -fasm-blocks -fstrict-aliasing -Wdeprecated-declarations -mmacosx-version-min=10.11 -g -Wno-sign-conversion -I/Users/tinggong/github/jsontutorial/json-tutorial/tutorial01/buildXcode/CMakeFiles/CMakeTmp/Debug/include -I/Users/tinggong/github/jsontutorial/json-tutorial/tutorial01/buildXcode/CMakeFiles/CMakeTmp/CMAKE_TRY_COMPILE.build/Debug/cmTC_d40ab.build/DerivedSources/x86_64 -I/Users/tinggong/github/jsontutorial/json-tutorial/tutorial01/buildXcode/CMakeFiles/CMakeTmp/CMAKE_TRY_COMPILE.build/Debug/cmTC_d40ab.build/DerivedSources -Wmost -Wno-four-char-constants -Wno-unknown-pragmas -F/Users/tinggong/github/jsontutorial/json-tutorial/tutorial01/buildXcode/CMakeFiles/CMakeTmp/Debug -MMD -MT dependencies -MF /Users/tinggong/github/jsontutorial/json-tutorial/tutorial01/buildXcode/CMakeFiles/CMakeTmp/CMAKE_TRY_COMPILE.build/Debug/cmTC_d40ab.build/Objects-normal/x86_64/CMakeCCompilerABI.d --serialize-diagnostics /Users/tinggong/github/jsontutorial/json-tutorial/tutorial01/buildXcode/CMakeFiles/CMakeTmp/CMAKE_TRY_COMPILE.build/Debug/cmTC_d40ab.build/Objects-normal/x86_64/CMakeCCompilerABI.dia -c /usr/local/Cellar/cmake/3.7.2/share/cmake/Modules/CMakeCCompilerABI.c -o /Users/tinggong/github/jsontutorial/json-tutorial/tutorial01/buildXcode/CMakeFiles/CMakeTmp/CMAKE_TRY_COMPILE.build/Debug/cmTC_d40ab.build/Objects-normal/x86_64/CMakeCCompilerABI.o]
  ignore line: []
  ignore line: [Ld Debug/cmTC_d40ab normal x86_64]
  ignore line: [    cd /Users/tinggong/github/jsontutorial/json-tutorial/tutorial01/buildXcode/CMakeFiles/CMakeTmp]
  ignore line: [    export MACOSX_DEPLOYMENT_TARGET=10.11]
  ignore line: [    /Applications/Xcode.app/Contents/Developer/Toolchains/XcodeDefault.xctoolchain/usr/bin/clang -arch x86_64 -isysroot /Applications/Xcode.app/Contents/Developer/Platforms/MacOSX.platform/Developer/SDKs/MacOSX10.11.sdk -L/Users/tinggong/github/jsontutorial/json-tutorial/tutorial01/buildXcode/CMakeFiles/CMakeTmp/Debug -F/Users/tinggong/github/jsontutorial/json-tutorial/tutorial01/buildXcode/CMakeFiles/CMakeTmp/Debug -filelist /Users/tinggong/github/jsontutorial/json-tutorial/tutorial01/buildXcode/CMakeFiles/CMakeTmp/CMAKE_TRY_COMPILE.build/Debug/cmTC_d40ab.build/Objects-normal/x86_64/cmTC_d40ab.LinkFileList -mmacosx-version-min=10.11 -Xlinker -no_deduplicate -v -Wl,-v -Wl,-search_paths_first -Wl,-headerpad_max_install_names -Xlinker -dependency_info -Xlinker /Users/tinggong/github/jsontutorial/json-tutorial/tutorial01/buildXcode/CMakeFiles/CMakeTmp/CMAKE_TRY_COMPILE.build/Debug/cmTC_d40ab.build/Objects-normal/x86_64/cmTC_d40ab_dependency_info.dat -o /Users/tinggong/github/jsontutorial/json-tutorial/tutorial01/buildXcode/CMakeFiles/CMakeTmp/Debug/cmTC_d40ab]
  ignore line: [Apple LLVM version 7.3.0 (clang-703.0.31)]
  ignore line: [Target: x86_64-apple-darwin15.6.0]
  ignore line: [Thread model: posix]
  ignore line: [InstalledDir: /Applications/Xcode.app/Contents/Developer/Toolchains/XcodeDefault.xctoolchain/usr/bin]
  reduced line: [ "/Applications/Xcode.app/Contents/Developer/Toolchains/XcodeDefault.xctoolchain/usr/bin/ld" -demangle -dynamic -arch x86_64 -macosx_version_min 10.11.0 -syslibroot /Applications/Xcode.app/Contents/Developer/Platforms/MacOSX.platform/Developer/SDKs/MacOSX10.11.sdk -o /Users/tinggong/github/jsontutorial/json-tutorial/tutorial01/buildXcode/CMakeFiles/CMakeTmp/Debug/cmTC_d40ab -L/Users/tinggong/github/jsontutorial/json-tutorial/tutorial01/buildXcode/CMakeFiles/CMakeTmp/Debug -filelist /Users/tinggong/github/jsontutorial/json-tutorial/tutorial01/buildXcode/CMakeFiles/CMakeTmp/CMAKE_TRY_COMPILE.build/Debug/cmTC_d40ab.build/Objects-normal/x86_64/cmTC_d40ab.LinkFileList -no_deduplicate -v -search_paths_first -headerpad_max_install_names -dependency_info /Users/tinggong/github/jsontutorial/json-tutorial/tutorial01/buildXcode/CMakeFiles/CMakeTmp/CMAKE_TRY_COMPILE.build/Debug/cmTC_d40ab.build/Objects-normal/x86_64/cmTC_d40ab_dependency_info.dat -lSystem /Applications/Xcode.app/Contents/Developer/Toolchains/XcodeDefault.xctoolchain/usr/bin/../lib/clang/7.3.0/lib/darwin/libclang_rt.osx.a -F/Users/tinggong/github/jsontutorial/json-tutorial/tutorial01/buildXcode/CMakeFiles/CMakeTmp/Debug]
            to: [ "/Applications/Xcode.app/Contents/Developer/Toolchains/XcodeDefault.xctoolchain/usr/bin/ld" -demangle -dynamic -arch x86_64 -macosx_version_min 10.11.0 -syslibroot /Applications/Xcode.app/Contents/Developer/Platforms/MacOSX.platform/Developer/SDKs/MacOSX10.11.sdk -o /Users/tinggong/github/jsontutorial/json-tutorial/tutorial01/buildXcode/CMakeFiles/CMakeTmp/Debug/cmTC_d40ab -filelist /Users/tinggong/github/jsontutorial/json-tutorial/tutorial01/buildXcode/CMakeFiles/CMakeTmp/CMAKE_TRY_COMPILE.build/Debug/cmTC_d40ab.build/Objects-normal/x86_64/cmTC_d40ab.LinkFileList -no_deduplicate -v -search_paths_first -headerpad_max_install_names -dependency_info /Users/tinggong/github/jsontutorial/json-tutorial/tutorial01/buildXcode/CMakeFiles/CMakeTmp/CMAKE_TRY_COMPILE.build/Debug/cmTC_d40ab.build/Objects-normal/x86_64/cmTC_d40ab_dependency_info.dat -lSystem /Applications/Xcode.app/Contents/Developer/Toolchains/XcodeDefault.xctoolchain/usr/bin/../lib/clang/7.3.0/lib/darwin/libclang_rt.osx.a ]
  link line: [ "/Applications/Xcode.app/Contents/Developer/Toolchains/XcodeDefault.xctoolchain/usr/bin/ld" -demangle -dynamic -arch x86_64 -macosx_version_min 10.11.0 -syslibroot /Applications/Xcode.app/Contents/Developer/Platforms/MacOSX.platform/Developer/SDKs/MacOSX10.11.sdk -o /Users/tinggong/github/jsontutorial/json-tutorial/tutorial01/buildXcode/CMakeFiles/CMakeTmp/Debug/cmTC_d40ab -filelist /Users/tinggong/github/jsontutorial/json-tutorial/tutorial01/buildXcode/CMakeFiles/CMakeTmp/CMAKE_TRY_COMPILE.build/Debug/cmTC_d40ab.build/Objects-normal/x86_64/cmTC_d40ab.LinkFileList -no_deduplicate -v -search_paths_first -headerpad_max_install_names -dependency_info /Users/tinggong/github/jsontutorial/json-tutorial/tutorial01/buildXcode/CMakeFiles/CMakeTmp/CMAKE_TRY_COMPILE.build/Debug/cmTC_d40ab.build/Objects-normal/x86_64/cmTC_d40ab_dependency_info.dat -lSystem /Applications/Xcode.app/Contents/Developer/Toolchains/XcodeDefault.xctoolchain/usr/bin/../lib/clang/7.3.0/lib/darwin/libclang_rt.osx.a ]
    arg [/Applications/Xcode.app/Contents/Developer/Toolchains/XcodeDefault.xctoolchain/usr/bin/ld] ==> ignore
    arg [-demangle] ==> ignore
    arg [-dynamic] ==> ignore
    arg [-arch] ==> ignore
    arg [x86_64] ==> ignore
    arg [-macosx_version_min] ==> ignore
    arg [10.11.0] ==> ignore
    arg [-syslibroot] ==> ignore
    arg [/Applications/Xcode.app/Contents/Developer/Platforms/MacOSX.platform/Developer/SDKs/MacOSX10.11.sdk] ==> ignore
    arg [-o] ==> ignore
    arg [/Users/tinggong/github/jsontutorial/json-tutorial/tutorial01/buildXcode/CMakeFiles/CMakeTmp/Debug/cmTC_d40ab] ==> ignore
    arg [-filelist] ==> ignore
    arg [/Users/tinggong/github/jsontutorial/json-tutorial/tutorial01/buildXcode/CMakeFiles/CMakeTmp/CMAKE_TRY_COMPILE.build/Debug/cmTC_d40ab.build/Objects-normal/x86_64/cmTC_d40ab.LinkFileList] ==> ignore
    arg [-no_deduplicate] ==> ignore
    arg [-v] ==> ignore
    arg [-search_paths_first] ==> ignore
    arg [-headerpad_max_install_names] ==> ignore
    arg [-dependency_info] ==> ignore
    arg [/Users/tinggong/github/jsontutorial/json-tutorial/tutorial01/buildXcode/CMakeFiles/CMakeTmp/CMAKE_TRY_COMPILE.build/Debug/cmTC_d40ab.build/Objects-normal/x86_64/cmTC_d40ab_dependency_info.dat] ==> ignore
    arg [-lSystem] ==> lib [System]
    arg [/Applications/Xcode.app/Contents/Developer/Toolchains/XcodeDefault.xctoolchain/usr/bin/../lib/clang/7.3.0/lib/darwin/libclang_rt.osx.a] ==> lib [/Applications/Xcode.app/Contents/Developer/Toolchains/XcodeDefault.xctoolchain/usr/bin/../lib/clang/7.3.0/lib/darwin/libclang_rt.osx.a]
  Library search paths: [;/Users/tinggong/github/jsontutorial/json-tutorial/tutorial01/buildXcode/CMakeFiles/CMakeTmp/Debug;/Applications/Xcode.app/Contents/Developer/Platforms/MacOSX.platform/Developer/SDKs/MacOSX10.11.sdk/usr/lib]
  Framework search paths: [;/Users/tinggong/github/jsontutorial/json-tutorial/tutorial01/buildXcode/CMakeFiles/CMakeTmp/Debug;/Applications/Xcode.app/Contents/Developer/Platforms/MacOSX.platform/Developer/SDKs/MacOSX10.11.sdk/System/Library/Frameworks/]
  remove lib [System]
  remove lib [/Applications/Xcode.app/Contents/Developer/Toolchains/XcodeDefault.xctoolchain/usr/bin/../lib/clang/7.3.0/lib/darwin/libclang_rt.osx.a]
  collapse library dir [/Users/tinggong/github/jsontutorial/json-tutorial/tutorial01/buildXcode/CMakeFiles/CMakeTmp/Debug] ==> [/Users/tinggong/github/jsontutorial/json-tutorial/tutorial01/buildXcode/CMakeFiles/CMakeTmp/Debug], skipping non-system directory
  collapse library dir [/Applications/Xcode.app/Contents/Developer/Platforms/MacOSX.platform/Developer/SDKs/MacOSX10.11.sdk/usr/lib] ==> [/Applications/Xcode.app/Contents/Developer/Platforms/MacOSX.platform/Developer/SDKs/MacOSX10.11.sdk/usr/lib]
  collapse framework dir [/Users/tinggong/github/jsontutorial/json-tutorial/tutorial01/buildXcode/CMakeFiles/CMakeTmp/Debug] ==> [/Users/tinggong/github/jsontutorial/json-tutorial/tutorial01/buildXcode/CMakeFiles/CMakeTmp/Debug], skipping non-system directory
  collapse framework dir [/Applications/Xcode.app/Contents/Developer/Platforms/MacOSX.platform/Developer/SDKs/MacOSX10.11.sdk/System/Library/Frameworks/] ==> [/Applications/Xcode.app/Contents/Developer/Platforms/MacOSX.platform/Developer/SDKs/MacOSX10.11.sdk/System/Library/Frameworks]
  implicit libs: []
  implicit dirs: [/Applications/Xcode.app/Contents/Developer/Platforms/MacOSX.platform/Developer/SDKs/MacOSX10.11.sdk/usr/lib]
  implicit fwks: [/Applications/Xcode.app/Contents/Developer/Platforms/MacOSX.platform/Developer/SDKs/MacOSX10.11.sdk/System/Library/Frameworks]




Detecting C [-std=c11] compiler features compiled with the following output:
Change Dir: /Users/tinggong/github/jsontutorial/json-tutorial/tutorial01/buildXcode/CMakeFiles/CMakeTmp

Run Build Command:"/usr/bin/xcodebuild" "-project" "CMAKE_TRY_COMPILE.xcodeproj" "build" "-target" "cmTC_dac7d" "-configuration" "Debug"
=== BUILD TARGET cmTC_dac7d OF PROJECT CMAKE_TRY_COMPILE WITH CONFIGURATION Debug ===

Check dependencies

Write auxiliary files
/bin/mkdir -p /Users/tinggong/github/jsontutorial/json-tutorial/tutorial01/buildXcode/CMakeFiles/CMakeTmp/CMAKE_TRY_COMPILE.build/Debug/cmTC_dac7d.build/Objects-normal/x86_64
write-file /Users/tinggong/github/jsontutorial/json-tutorial/tutorial01/buildXcode/CMakeFiles/CMakeTmp/CMAKE_TRY_COMPILE.build/Debug/cmTC_dac7d.build/Objects-normal/x86_64/cmTC_dac7d.LinkFileList

CompileC CMAKE_TRY_COMPILE.build/Debug/cmTC_dac7d.build/Objects-normal/x86_64/feature_tests.o /Users/tinggong/github/jsontutorial/json-tutorial/tutorial01/buildXcode/CMakeFiles/feature_tests.c normal x86_64 c com.apple.compilers.llvm.clang.1_0.compiler
    cd /Users/tinggong/github/jsontutorial/json-tutorial/tutorial01/buildXcode/CMakeFiles/CMakeTmp
    export LANG=en_US.US-ASCII
    /Applications/Xcode.app/Contents/Developer/Toolchains/XcodeDefault.xctoolchain/usr/bin/clang -x c -arch x86_64 -fmessage-length=0 -fdiagnostics-show-note-include-stack -fmacro-backtrace-limit=0 -Wno-trigraphs -fpascal-strings -O0 -Wno-missing-field-initializers -Wno-missing-prototypes -Wno-return-type -Wno-missing-braces -Wparentheses -Wswitch -Wno-unused-function -Wno-unused-label -Wno-unused-parameter -Wno-unused-variable -Wunused-value -Wno-empty-body -Wno-uninitialized -Wno-unknown-pragmas -Wno-shadow -Wno-four-char-constants -Wno-conversion -Wno-constant-conversion -Wno-int-conversion -Wno-bool-conversion -Wno-enum-conversion -Wno-shorten-64-to-32 -Wpointer-sign -Wno-newline-eof -DCMAKE_INTDIR=\"Debug\" -isysroot /Applications/Xcode.app/Contents/Developer/Platforms/MacOSX.platform/Developer/SDKs/MacOSX10.11.sdk -fasm-blocks -fstrict-aliasing -Wdeprecated-declarations -mmacosx-version-min=10.11 -g -Wno-sign-conversion -I/Users/tinggong/github/jsontutorial/json-tutorial/tutorial01/buildXcode/CMakeFiles/CMakeTmp/Debug/include -I/Users/tinggong/github/jsontutorial/json-tutorial/tutorial01/buildXcode/CMakeFiles/CMakeTmp/CMAKE_TRY_COMPILE.build/Debug/cmTC_dac7d.build/DerivedSources/x86_64 -I/Users/tinggong/github/jsontutorial/json-tutorial/tutorial01/buildXcode/CMakeFiles/CMakeTmp/CMAKE_TRY_COMPILE.build/Debug/cmTC_dac7d.build/DerivedSources -Wmost -Wno-four-char-constants -Wno-unknown-pragmas -F/Users/tinggong/github/jsontutorial/json-tutorial/tutorial01/buildXcode/CMakeFiles/CMakeTmp/Debug -std=c11 -MMD -MT dependencies -MF /Users/tinggong/github/jsontutorial/json-tutorial/tutorial01/buildXcode/CMakeFiles/CMakeTmp/CMAKE_TRY_COMPILE.build/Debug/cmTC_dac7d.build/Objects-normal/x86_64/feature_tests.d --serialize-diagnostics /Users/tinggong/github/jsontutorial/json-tutorial/tutorial01/buildXcode/CMakeFiles/CMakeTmp/CMAKE_TRY_COMPILE.build/Debug/cmTC_dac7d.build/Objects-normal/x86_64/feature_tests.dia -c /Users/tinggong/github/jsontutorial/json-tutorial/tutorial01/buildXcode/CMakeFiles/feature_tests.c -o /Users/tinggong/github/jsontutorial/json-tutorial/tutorial01/buildXcode/CMakeFiles/CMakeTmp/CMAKE_TRY_COMPILE.build/Debug/cmTC_dac7d.build/Objects-normal/x86_64/feature_tests.o

Ld Debug/cmTC_dac7d normal x86_64
    cd /Users/tinggong/github/jsontutorial/json-tutorial/tutorial01/buildXcode/CMakeFiles/CMakeTmp
    export MACOSX_DEPLOYMENT_TARGET=10.11
    /Applications/Xcode.app/Contents/Developer/Toolchains/XcodeDefault.xctoolchain/usr/bin/clang -arch x86_64 -isysroot /Applications/Xcode.app/Contents/Developer/Platforms/MacOSX.platform/Developer/SDKs/MacOSX10.11.sdk -L/Users/tinggong/github/jsontutorial/json-tutorial/tutorial01/buildXcode/CMakeFiles/CMakeTmp/Debug -F/Users/tinggong/github/jsontutorial/json-tutorial/tutorial01/buildXcode/CMakeFiles/CMakeTmp/Debug -filelist /Users/tinggong/github/jsontutorial/json-tutorial/tutorial01/buildXcode/CMakeFiles/CMakeTmp/CMAKE_TRY_COMPILE.build/Debug/cmTC_dac7d.build/Objects-normal/x86_64/cmTC_dac7d.LinkFileList -mmacosx-version-min=10.11 -Xlinker -no_deduplicate -Wl,-search_paths_first -Wl,-headerpad_max_install_names -Xlinker -dependency_info -Xlinker /Users/tinggong/github/jsontutorial/json-tutorial/tutorial01/buildXcode/CMakeFiles/CMakeTmp/CMAKE_TRY_COMPILE.build/Debug/cmTC_dac7d.build/Objects-normal/x86_64/cmTC_dac7d_dependency_info.dat -o /Users/tinggong/github/jsontutorial/json-tutorial/tutorial01/buildXcode/CMakeFiles/CMakeTmp/Debug/cmTC_dac7d

** BUILD SUCCEEDED **



    Feature record: C_FEATURE:1c_function_prototypes
    Feature record: C_FEATURE:1c_restrict
    Feature record: C_FEATURE:1c_static_assert
    Feature record: C_FEATURE:1c_variadic_macros


Detecting C [-std=c99] compiler features compiled with the following output:
Change Dir: /Users/tinggong/github/jsontutorial/json-tutorial/tutorial01/buildXcode/CMakeFiles/CMakeTmp

Run Build Command:"/usr/bin/xcodebuild" "-project" "CMAKE_TRY_COMPILE.xcodeproj" "build" "-target" "cmTC_370af" "-configuration" "Debug"
=== BUILD TARGET cmTC_370af OF PROJECT CMAKE_TRY_COMPILE WITH CONFIGURATION Debug ===

Check dependencies

Write auxiliary files
/bin/mkdir -p /Users/tinggong/github/jsontutorial/json-tutorial/tutorial01/buildXcode/CMakeFiles/CMakeTmp/CMAKE_TRY_COMPILE.build/Debug/cmTC_370af.build/Objects-normal/x86_64
write-file /Users/tinggong/github/jsontutorial/json-tutorial/tutorial01/buildXcode/CMakeFiles/CMakeTmp/CMAKE_TRY_COMPILE.build/Debug/cmTC_370af.build/Objects-normal/x86_64/cmTC_370af.LinkFileList

CompileC CMAKE_TRY_COMPILE.build/Debug/cmTC_370af.build/Objects-normal/x86_64/feature_tests.o /Users/tinggong/github/jsontutorial/json-tutorial/tutorial01/buildXcode/CMakeFiles/feature_tests.c normal x86_64 c com.apple.compilers.llvm.clang.1_0.compiler
    cd /Users/tinggong/github/jsontutorial/json-tutorial/tutorial01/buildXcode/CMakeFiles/CMakeTmp
    export LANG=en_US.US-ASCII
    /Applications/Xcode.app/Contents/Developer/Toolchains/XcodeDefault.xctoolchain/usr/bin/clang -x c -arch x86_64 -fmessage-length=0 -fdiagnostics-show-note-include-stack -fmacro-backtrace-limit=0 -Wno-trigraphs -fpascal-strings -O0 -Wno-missing-field-initializers -Wno-missing-prototypes -Wno-return-type -Wno-missing-braces -Wparentheses -Wswitch -Wno-unused-function -Wno-unused-label -Wno-unused-parameter -Wno-unused-variable -Wunused-value -Wno-empty-body -Wno-uninitialized -Wno-unknown-pragmas -Wno-shadow -Wno-four-char-constants -Wno-conversion -Wno-constant-conversion -Wno-int-conversion -Wno-bool-conversion -Wno-enum-conversion -Wno-shorten-64-to-32 -Wpointer-sign -Wno-newline-eof -DCMAKE_INTDIR=\"Debug\" -isysroot /Applications/Xcode.app/Contents/Developer/Platforms/MacOSX.platform/Developer/SDKs/MacOSX10.11.sdk -fasm-blocks -fstrict-aliasing -Wdeprecated-declarations -mmacosx-version-min=10.11 -g -Wno-sign-conversion -I/Users/tinggong/github/jsontutorial/json-tutorial/tutorial01/buildXcode/CMakeFiles/CMakeTmp/Debug/include -I/Users/tinggong/github/jsontutorial/json-tutorial/tutorial01/buildXcode/CMakeFiles/CMakeTmp/CMAKE_TRY_COMPILE.build/Debug/cmTC_370af.build/DerivedSources/x86_64 -I/Users/tinggong/github/jsontutorial/json-tutorial/tutorial01/buildXcode/CMakeFiles/CMakeTmp/CMAKE_TRY_COMPILE.build/Debug/cmTC_370af.build/DerivedSources -Wmost -Wno-four-char-constants -Wno-unknown-pragmas -F/Users/tinggong/github/jsontutorial/json-tutorial/tutorial01/buildXcode/CMakeFiles/CMakeTmp/Debug -std=c99 -MMD -MT dependencies -MF /Users/tinggong/github/jsontutorial/json-tutorial/tutorial01/buildXcode/CMakeFiles/CMakeTmp/CMAKE_TRY_COMPILE.build/Debug/cmTC_370af.build/Objects-normal/x86_64/feature_tests.d --serialize-diagnostics /Users/tinggong/github/jsontutorial/json-tutorial/tutorial01/buildXcode/CMakeFiles/CMakeTmp/CMAKE_TRY_COMPILE.build/Debug/cmTC_370af.build/Objects-normal/x86_64/feature_tests.dia -c /Users/tinggong/github/jsontutorial/json-tutorial/tutorial01/buildXcode/CMakeFiles/feature_tests.c -o /Users/tinggong/github/jsontutorial/json-tutorial/tutorial01/buildXcode/CMakeFiles/CMakeTmp/CMAKE_TRY_COMPILE.build/Debug/cmTC_370af.build/Objects-normal/x86_64/feature_tests.o

Ld Debug/cmTC_370af normal x86_64
    cd /Users/tinggong/github/jsontutorial/json-tutorial/tutorial01/buildXcode/CMakeFiles/CMakeTmp
    export MACOSX_DEPLOYMENT_TARGET=10.11
    /Applications/Xcode.app/Contents/Developer/Toolchains/XcodeDefault.xctoolchain/usr/bin/clang -arch x86_64 -isysroot /Applications/Xcode.app/Contents/Developer/Platforms/MacOSX.platform/Developer/SDKs/MacOSX10.11.sdk -L/Users/tinggong/github/jsontutorial/json-tutorial/tutorial01/buildXcode/CMakeFiles/CMakeTmp/Debug -F/Users/tinggong/github/jsontutorial/json-tutorial/tutorial01/buildXcode/CMakeFiles/CMakeTmp/Debug -filelist /Users/tinggong/github/jsontutorial/json-tutorial/tutorial01/buildXcode/CMakeFiles/CMakeTmp/CMAKE_TRY_COMPILE.build/Debug/cmTC_370af.build/Objects-normal/x86_64/cmTC_370af.LinkFileList -mmacosx-version-min=10.11 -Xlinker -no_deduplicate -Wl,-search_paths_first -Wl,-headerpad_max_install_names -Xlinker -dependency_info -Xlinker /Users/tinggong/github/jsontutorial/json-tutorial/tutorial01/buildXcode/CMakeFiles/CMakeTmp/CMAKE_TRY_COMPILE.build/Debug/cmTC_370af.build/Objects-normal/x86_64/cmTC_370af_dependency_info.dat -o /Users/tinggong/github/jsontutorial/json-tutorial/tutorial01/buildXcode/CMakeFiles/CMakeTmp/Debug/cmTC_370af

** BUILD SUCCEEDED **



    Feature record: C_FEATURE:1c_function_prototypes
    Feature record: C_FEATURE:1c_restrict
    Feature record: C_FEATURE:0c_static_assert
    Feature record: C_FEATURE:1c_variadic_macros


Detecting C [-std=c90] compiler features compiled with the following output:
Change Dir: /Users/tinggong/github/jsontutorial/json-tutorial/tutorial01/buildXcode/CMakeFiles/CMakeTmp

Run Build Command:"/usr/bin/xcodebuild" "-project" "CMAKE_TRY_COMPILE.xcodeproj" "build" "-target" "cmTC_0bf11" "-configuration" "Debug"
=== BUILD TARGET cmTC_0bf11 OF PROJECT CMAKE_TRY_COMPILE WITH CONFIGURATION Debug ===

Check dependencies

Write auxiliary files
/bin/mkdir -p /Users/tinggong/github/jsontutorial/json-tutorial/tutorial01/buildXcode/CMakeFiles/CMakeTmp/CMAKE_TRY_COMPILE.build/Debug/cmTC_0bf11.build/Objects-normal/x86_64
write-file /Users/tinggong/github/jsontutorial/json-tutorial/tutorial01/buildXcode/CMakeFiles/CMakeTmp/CMAKE_TRY_COMPILE.build/Debug/cmTC_0bf11.build/Objects-normal/x86_64/cmTC_0bf11.LinkFileList

CompileC CMAKE_TRY_COMPILE.build/Debug/cmTC_0bf11.build/Objects-normal/x86_64/feature_tests.o /Users/tinggong/github/jsontutorial/json-tutorial/tutorial01/buildXcode/CMakeFiles/feature_tests.c normal x86_64 c com.apple.compilers.llvm.clang.1_0.compiler
    cd /Users/tinggong/github/jsontutorial/json-tutorial/tutorial01/buildXcode/CMakeFiles/CMakeTmp
    export LANG=en_US.US-ASCII
    /Applications/Xcode.app/Contents/Developer/Toolchains/XcodeDefault.xctoolchain/usr/bin/clang -x c -arch x86_64 -fmessage-length=0 -fdiagnostics-show-note-include-stack -fmacro-backtrace-limit=0 -Wno-trigraphs -fpascal-strings -O0 -Wno-missing-field-initializers -Wno-missing-prototypes -Wno-return-type -Wno-missing-braces -Wparentheses -Wswitch -Wno-unused-function -Wno-unused-label -Wno-unused-parameter -Wno-unused-variable -Wunused-value -Wno-empty-body -Wno-uninitialized -Wno-unknown-pragmas -Wno-shadow -Wno-four-char-constants -Wno-conversion -Wno-constant-conversion -Wno-int-conversion -Wno-bool-conversion -Wno-enum-conversion -Wno-shorten-64-to-32 -Wpointer-sign -Wno-newline-eof -DCMAKE_INTDIR=\"Debug\" -isysroot /Applications/Xcode.app/Contents/Developer/Platforms/MacOSX.platform/Developer/SDKs/MacOSX10.11.sdk -fasm-blocks -fstrict-aliasing -Wdeprecated-declarations -mmacosx-version-min=10.11 -g -Wno-sign-conversion -I/Users/tinggong/github/jsontutorial/json-tutorial/tutorial01/buildXcode/CMakeFiles/CMakeTmp/Debug/include -I/Users/tinggong/github/jsontutorial/json-tutorial/tutorial01/buildXcode/CMakeFiles/CMakeTmp/CMAKE_TRY_COMPILE.build/Debug/cmTC_0bf11.build/DerivedSources/x86_64 -I/Users/tinggong/github/jsontutorial/json-tutorial/tutorial01/buildXcode/CMakeFiles/CMakeTmp/CMAKE_TRY_COMPILE.build/Debug/cmTC_0bf11.build/DerivedSources -Wmost -Wno-four-char-constants -Wno-unknown-pragmas -F/Users/tinggong/github/jsontutorial/json-tutorial/tutorial01/buildXcode/CMakeFiles/CMakeTmp/Debug -std=c90 -MMD -MT dependencies -MF /Users/tinggong/github/jsontutorial/json-tutorial/tutorial01/buildXcode/CMakeFiles/CMakeTmp/CMAKE_TRY_COMPILE.build/Debug/cmTC_0bf11.build/Objects-normal/x86_64/feature_tests.d --serialize-diagnostics /Users/tinggong/github/jsontutorial/json-tutorial/tutorial01/buildXcode/CMakeFiles/CMakeTmp/CMAKE_TRY_COMPILE.build/Debug/cmTC_0bf11.build/Objects-normal/x86_64/feature_tests.dia -c /Users/tinggong/github/jsontutorial/json-tutorial/tutorial01/buildXcode/CMakeFiles/feature_tests.c -o /Users/tinggong/github/jsontutorial/json-tutorial/tutorial01/buildXcode/CMakeFiles/CMakeTmp/CMAKE_TRY_COMPILE.build/Debug/cmTC_0bf11.build/Objects-normal/x86_64/feature_tests.o

Ld Debug/cmTC_0bf11 normal x86_64
    cd /Users/tinggong/github/jsontutorial/json-tutorial/tutorial01/buildXcode/CMakeFiles/CMakeTmp
    export MACOSX_DEPLOYMENT_TARGET=10.11
    /Applications/Xcode.app/Contents/Developer/Toolchains/XcodeDefault.xctoolchain/usr/bin/clang -arch x86_64 -isysroot /Applications/Xcode.app/Contents/Developer/Platforms/MacOSX.platform/Developer/SDKs/MacOSX10.11.sdk -L/Users/tinggong/github/jsontutorial/json-tutorial/tutorial01/buildXcode/CMakeFiles/CMakeTmp/Debug -F/Users/tinggong/github/jsontutorial/json-tutorial/tutorial01/buildXcode/CMakeFiles/CMakeTmp/Debug -filelist /Users/tinggong/github/jsontutorial/json-tutorial/tutorial01/buildXcode/CMakeFiles/CMakeTmp/CMAKE_TRY_COMPILE.build/Debug/cmTC_0bf11.build/Objects-normal/x86_64/cmTC_0bf11.LinkFileList -mmacosx-version-min=10.11 -Xlinker -no_deduplicate -Wl,-search_paths_first -Wl,-headerpad_max_install_names -Xlinker -dependency_info -Xlinker /Users/tinggong/github/jsontutorial/json-tutorial/tutorial01/buildXcode/CMakeFiles/CMakeTmp/CMAKE_TRY_COMPILE.build/Debug/cmTC_0bf11.build/Objects-normal/x86_64/cmTC_0bf11_dependency_info.dat -o /Users/tinggong/github/jsontutorial/json-tutorial/tutorial01/buildXcode/CMakeFiles/CMakeTmp/Debug/cmTC_0bf11

** BUILD SUCCEEDED **



    Feature record: C_FEATURE:1c_function_prototypes
    Feature record: C_FEATURE:0c_restrict
    Feature record: C_FEATURE:0c_static_assert
    Feature record: C_FEATURE:0c_variadic_macros
